2017-02-25 08:24:54,598 [Thread-10] ERROR com.controllers.IndexController (IndexController.java:50) - login
org.hibernate.exception.JDBCConnectionException: Could not open connection
	at org.hibernate.exception.internal.SQLStateConversionDelegate.convert(SQLStateConversionDelegate.java:132)
	at org.hibernate.exception.internal.StandardSQLExceptionConverter.convert(StandardSQLExceptionConverter.java:49)
	at org.hibernate.engine.jdbc.spi.SqlExceptionHelper.convert(SqlExceptionHelper.java:125)
	at org.hibernate.engine.jdbc.spi.SqlExceptionHelper.convert(SqlExceptionHelper.java:110)
	at org.hibernate.engine.jdbc.internal.LogicalConnectionImpl.obtainConnection(LogicalConnectionImpl.java:221)
	at org.hibernate.engine.jdbc.internal.LogicalConnectionImpl.getConnection(LogicalConnectionImpl.java:157)
	at org.hibernate.engine.jdbc.internal.StatementPreparerImpl.connection(StatementPreparerImpl.java:56)
	at org.hibernate.engine.jdbc.internal.StatementPreparerImpl$5.doPrepare(StatementPreparerImpl.java:161)
	at org.hibernate.engine.jdbc.internal.StatementPreparerImpl$StatementPreparationTemplate.prepareStatement(StatementPreparerImpl.java:182)
	at org.hibernate.engine.jdbc.internal.StatementPreparerImpl.prepareQueryStatement(StatementPreparerImpl.java:159)
	at org.hibernate.loader.Loader.prepareQueryStatement(Loader.java:1858)
	at org.hibernate.loader.Loader.executeQueryStatement(Loader.java:1835)
	at org.hibernate.loader.Loader.executeQueryStatement(Loader.java:1815)
	at org.hibernate.loader.Loader.doQuery(Loader.java:899)
	at org.hibernate.loader.Loader.doQueryAndInitializeNonLazyCollections(Loader.java:341)
	at org.hibernate.loader.Loader.doList(Loader.java:2522)
	at org.hibernate.loader.Loader.doList(Loader.java:2508)
	at org.hibernate.loader.Loader.listIgnoreQueryCache(Loader.java:2338)
	at org.hibernate.loader.Loader.list(Loader.java:2333)
	at org.hibernate.loader.custom.CustomLoader.list(CustomLoader.java:338)
	at org.hibernate.internal.SessionImpl.listCustomQuery(SessionImpl.java:1827)
	at org.hibernate.internal.AbstractSessionImpl.list(AbstractSessionImpl.java:231)
	at org.hibernate.internal.SQLQueryImpl.list(SQLQueryImpl.java:157)
	at com.controllers.IndexController.login(IndexController.java:46)
	at sun.reflect.NativeMethodAccessorImpl.invoke0(Native Method)
	at sun.reflect.NativeMethodAccessorImpl.invoke(Unknown Source)
	at sun.reflect.DelegatingMethodAccessorImpl.invoke(Unknown Source)
	at java.lang.reflect.Method.invoke(Unknown Source)
	at bsh.Reflect.invokeMethod(Unknown Source)
	at bsh.Reflect.invokeObjectMethod(Unknown Source)
	at bsh.Name.invokeMethod(Unknown Source)
	at bsh.BSHMethodInvocation.eval(Unknown Source)
	at bsh.BSHPrimaryExpression.eval(Unknown Source)
	at bsh.BSHPrimaryExpression.eval(Unknown Source)
	at bsh.Interpreter.eval(Unknown Source)
	at bsh.Interpreter.eval(Unknown Source)
	at org.zkoss.zk.scripting.bsh.BSHInterpreter.exec(BSHInterpreter.java:131)
	at org.zkoss.zk.scripting.util.GenericInterpreter.interpret(GenericInterpreter.java:328)
	at org.zkoss.zk.ui.impl.PageImpl.interpret(PageImpl.java:875)
	at org.zkoss.zk.ui.AbstractComponent.service(AbstractComponent.java:2701)
	at org.zkoss.zk.ui.AbstractComponent.service(AbstractComponent.java:2654)
	at org.zkoss.zk.ui.impl.EventProcessor.process(EventProcessor.java:136)
	at org.zkoss.zk.ui.impl.EventProcessingThreadImpl.process0(EventProcessingThreadImpl.java:534)
	at org.zkoss.zk.ui.impl.EventProcessingThreadImpl.run(EventProcessingThreadImpl.java:461)
Caused by: java.sql.SQLException: Network error IOException: Connection refused: connect
	at net.sourceforge.jtds.jdbc.ConnectionJDBC2.<init>(ConnectionJDBC2.java:421)
	at net.sourceforge.jtds.jdbc.ConnectionJDBC3.<init>(ConnectionJDBC3.java:50)
	at net.sourceforge.jtds.jdbc.Driver.connect(Driver.java:185)
	at org.hibernate.service.jdbc.connections.internal.DriverManagerConnectionProviderImpl.getConnection(DriverManagerConnectionProviderImpl.java:204)
	at org.hibernate.internal.AbstractSessionImpl$NonContextualJdbcConnectionAccess.obtainConnection(AbstractSessionImpl.java:292)
	at org.hibernate.engine.jdbc.internal.LogicalConnectionImpl.obtainConnection(LogicalConnectionImpl.java:214)
	... 39 more
Caused by: java.net.ConnectException: Connection refused: connect
	at java.net.DualStackPlainSocketImpl.connect0(Native Method)
	at java.net.DualStackPlainSocketImpl.socketConnect(Unknown Source)
	at java.net.AbstractPlainSocketImpl.doConnect(Unknown Source)
	at java.net.AbstractPlainSocketImpl.connectToAddress(Unknown Source)
	at java.net.AbstractPlainSocketImpl.connect(Unknown Source)
	at java.net.PlainSocketImpl.connect(Unknown Source)
	at java.net.SocksSocketImpl.connect(Unknown Source)
	at java.net.Socket.connect(Unknown Source)
	at sun.reflect.NativeMethodAccessorImpl.invoke0(Native Method)
	at sun.reflect.NativeMethodAccessorImpl.invoke(Unknown Source)
	at sun.reflect.DelegatingMethodAccessorImpl.invoke(Unknown Source)
	at java.lang.reflect.Method.invoke(Unknown Source)
	at net.sourceforge.jtds.jdbc.SharedSocket.createSocketForJDBC3(SharedSocket.java:297)
	at net.sourceforge.jtds.jdbc.SharedSocket.<init>(SharedSocket.java:247)
	at net.sourceforge.jtds.jdbc.ConnectionJDBC2.<init>(ConnectionJDBC2.java:322)
	... 44 more
2017-02-25 08:25:16,812 [Thread-14] ERROR com.controllers.IndexController (IndexController.java:50) - login
org.hibernate.exception.JDBCConnectionException: Could not open connection
	at org.hibernate.exception.internal.SQLStateConversionDelegate.convert(SQLStateConversionDelegate.java:132)
	at org.hibernate.exception.internal.StandardSQLExceptionConverter.convert(StandardSQLExceptionConverter.java:49)
	at org.hibernate.engine.jdbc.spi.SqlExceptionHelper.convert(SqlExceptionHelper.java:125)
	at org.hibernate.engine.jdbc.spi.SqlExceptionHelper.convert(SqlExceptionHelper.java:110)
	at org.hibernate.engine.jdbc.internal.LogicalConnectionImpl.obtainConnection(LogicalConnectionImpl.java:221)
	at org.hibernate.engine.jdbc.internal.LogicalConnectionImpl.getConnection(LogicalConnectionImpl.java:157)
	at org.hibernate.engine.jdbc.internal.StatementPreparerImpl.connection(StatementPreparerImpl.java:56)
	at org.hibernate.engine.jdbc.internal.StatementPreparerImpl$5.doPrepare(StatementPreparerImpl.java:161)
	at org.hibernate.engine.jdbc.internal.StatementPreparerImpl$StatementPreparationTemplate.prepareStatement(StatementPreparerImpl.java:182)
	at org.hibernate.engine.jdbc.internal.StatementPreparerImpl.prepareQueryStatement(StatementPreparerImpl.java:159)
	at org.hibernate.loader.Loader.prepareQueryStatement(Loader.java:1858)
	at org.hibernate.loader.Loader.executeQueryStatement(Loader.java:1835)
	at org.hibernate.loader.Loader.executeQueryStatement(Loader.java:1815)
	at org.hibernate.loader.Loader.doQuery(Loader.java:899)
	at org.hibernate.loader.Loader.doQueryAndInitializeNonLazyCollections(Loader.java:341)
	at org.hibernate.loader.Loader.doList(Loader.java:2522)
	at org.hibernate.loader.Loader.doList(Loader.java:2508)
	at org.hibernate.loader.Loader.listIgnoreQueryCache(Loader.java:2338)
	at org.hibernate.loader.Loader.list(Loader.java:2333)
	at org.hibernate.loader.custom.CustomLoader.list(CustomLoader.java:338)
	at org.hibernate.internal.SessionImpl.listCustomQuery(SessionImpl.java:1827)
	at org.hibernate.internal.AbstractSessionImpl.list(AbstractSessionImpl.java:231)
	at org.hibernate.internal.SQLQueryImpl.list(SQLQueryImpl.java:157)
	at com.controllers.IndexController.login(IndexController.java:46)
	at sun.reflect.NativeMethodAccessorImpl.invoke0(Native Method)
	at sun.reflect.NativeMethodAccessorImpl.invoke(Unknown Source)
	at sun.reflect.DelegatingMethodAccessorImpl.invoke(Unknown Source)
	at java.lang.reflect.Method.invoke(Unknown Source)
	at bsh.Reflect.invokeMethod(Unknown Source)
	at bsh.Reflect.invokeObjectMethod(Unknown Source)
	at bsh.Name.invokeMethod(Unknown Source)
	at bsh.BSHMethodInvocation.eval(Unknown Source)
	at bsh.BSHPrimaryExpression.eval(Unknown Source)
	at bsh.BSHPrimaryExpression.eval(Unknown Source)
	at bsh.Interpreter.eval(Unknown Source)
	at bsh.Interpreter.eval(Unknown Source)
	at org.zkoss.zk.scripting.bsh.BSHInterpreter.exec(BSHInterpreter.java:131)
	at org.zkoss.zk.scripting.util.GenericInterpreter.interpret(GenericInterpreter.java:328)
	at org.zkoss.zk.ui.impl.PageImpl.interpret(PageImpl.java:875)
	at org.zkoss.zk.ui.AbstractComponent.service(AbstractComponent.java:2701)
	at org.zkoss.zk.ui.AbstractComponent.service(AbstractComponent.java:2654)
	at org.zkoss.zk.ui.impl.EventProcessor.process(EventProcessor.java:136)
	at org.zkoss.zk.ui.impl.EventProcessingThreadImpl.process0(EventProcessingThreadImpl.java:534)
	at org.zkoss.zk.ui.impl.EventProcessingThreadImpl.run(EventProcessingThreadImpl.java:461)
Caused by: java.sql.SQLException: Network error IOException: Connection refused: connect
	at net.sourceforge.jtds.jdbc.ConnectionJDBC2.<init>(ConnectionJDBC2.java:421)
	at net.sourceforge.jtds.jdbc.ConnectionJDBC3.<init>(ConnectionJDBC3.java:50)
	at net.sourceforge.jtds.jdbc.Driver.connect(Driver.java:185)
	at org.hibernate.service.jdbc.connections.internal.DriverManagerConnectionProviderImpl.getConnection(DriverManagerConnectionProviderImpl.java:204)
	at org.hibernate.internal.AbstractSessionImpl$NonContextualJdbcConnectionAccess.obtainConnection(AbstractSessionImpl.java:292)
	at org.hibernate.engine.jdbc.internal.LogicalConnectionImpl.obtainConnection(LogicalConnectionImpl.java:214)
	... 39 more
Caused by: java.net.ConnectException: Connection refused: connect
	at java.net.DualStackPlainSocketImpl.connect0(Native Method)
	at java.net.DualStackPlainSocketImpl.socketConnect(Unknown Source)
	at java.net.AbstractPlainSocketImpl.doConnect(Unknown Source)
	at java.net.AbstractPlainSocketImpl.connectToAddress(Unknown Source)
	at java.net.AbstractPlainSocketImpl.connect(Unknown Source)
	at java.net.PlainSocketImpl.connect(Unknown Source)
	at java.net.SocksSocketImpl.connect(Unknown Source)
	at java.net.Socket.connect(Unknown Source)
	at sun.reflect.NativeMethodAccessorImpl.invoke0(Native Method)
	at sun.reflect.NativeMethodAccessorImpl.invoke(Unknown Source)
	at sun.reflect.DelegatingMethodAccessorImpl.invoke(Unknown Source)
	at java.lang.reflect.Method.invoke(Unknown Source)
	at net.sourceforge.jtds.jdbc.SharedSocket.createSocketForJDBC3(SharedSocket.java:297)
	at net.sourceforge.jtds.jdbc.SharedSocket.<init>(SharedSocket.java:247)
	at net.sourceforge.jtds.jdbc.ConnectionJDBC2.<init>(ConnectionJDBC2.java:322)
	... 44 more
2017-02-25 08:25:23,328 [Thread-10] ERROR com.controllers.IndexController (IndexController.java:50) - login
org.hibernate.exception.JDBCConnectionException: Could not open connection
	at org.hibernate.exception.internal.SQLStateConversionDelegate.convert(SQLStateConversionDelegate.java:132)
	at org.hibernate.exception.internal.StandardSQLExceptionConverter.convert(StandardSQLExceptionConverter.java:49)
	at org.hibernate.engine.jdbc.spi.SqlExceptionHelper.convert(SqlExceptionHelper.java:125)
	at org.hibernate.engine.jdbc.spi.SqlExceptionHelper.convert(SqlExceptionHelper.java:110)
	at org.hibernate.engine.jdbc.internal.LogicalConnectionImpl.obtainConnection(LogicalConnectionImpl.java:221)
	at org.hibernate.engine.jdbc.internal.LogicalConnectionImpl.getConnection(LogicalConnectionImpl.java:157)
	at org.hibernate.engine.jdbc.internal.StatementPreparerImpl.connection(StatementPreparerImpl.java:56)
	at org.hibernate.engine.jdbc.internal.StatementPreparerImpl$5.doPrepare(StatementPreparerImpl.java:161)
	at org.hibernate.engine.jdbc.internal.StatementPreparerImpl$StatementPreparationTemplate.prepareStatement(StatementPreparerImpl.java:182)
	at org.hibernate.engine.jdbc.internal.StatementPreparerImpl.prepareQueryStatement(StatementPreparerImpl.java:159)
	at org.hibernate.loader.Loader.prepareQueryStatement(Loader.java:1858)
	at org.hibernate.loader.Loader.executeQueryStatement(Loader.java:1835)
	at org.hibernate.loader.Loader.executeQueryStatement(Loader.java:1815)
	at org.hibernate.loader.Loader.doQuery(Loader.java:899)
	at org.hibernate.loader.Loader.doQueryAndInitializeNonLazyCollections(Loader.java:341)
	at org.hibernate.loader.Loader.doList(Loader.java:2522)
	at org.hibernate.loader.Loader.doList(Loader.java:2508)
	at org.hibernate.loader.Loader.listIgnoreQueryCache(Loader.java:2338)
	at org.hibernate.loader.Loader.list(Loader.java:2333)
	at org.hibernate.loader.custom.CustomLoader.list(CustomLoader.java:338)
	at org.hibernate.internal.SessionImpl.listCustomQuery(SessionImpl.java:1827)
	at org.hibernate.internal.AbstractSessionImpl.list(AbstractSessionImpl.java:231)
	at org.hibernate.internal.SQLQueryImpl.list(SQLQueryImpl.java:157)
	at com.controllers.IndexController.login(IndexController.java:46)
	at sun.reflect.NativeMethodAccessorImpl.invoke0(Native Method)
	at sun.reflect.NativeMethodAccessorImpl.invoke(Unknown Source)
	at sun.reflect.DelegatingMethodAccessorImpl.invoke(Unknown Source)
	at java.lang.reflect.Method.invoke(Unknown Source)
	at bsh.Reflect.invokeMethod(Unknown Source)
	at bsh.Reflect.invokeObjectMethod(Unknown Source)
	at bsh.Name.invokeMethod(Unknown Source)
	at bsh.BSHMethodInvocation.eval(Unknown Source)
	at bsh.BSHPrimaryExpression.eval(Unknown Source)
	at bsh.BSHPrimaryExpression.eval(Unknown Source)
	at bsh.Interpreter.eval(Unknown Source)
	at bsh.Interpreter.eval(Unknown Source)
	at org.zkoss.zk.scripting.bsh.BSHInterpreter.exec(BSHInterpreter.java:131)
	at org.zkoss.zk.scripting.util.GenericInterpreter.interpret(GenericInterpreter.java:328)
	at org.zkoss.zk.ui.impl.PageImpl.interpret(PageImpl.java:875)
	at org.zkoss.zk.ui.AbstractComponent.service(AbstractComponent.java:2701)
	at org.zkoss.zk.ui.AbstractComponent.service(AbstractComponent.java:2654)
	at org.zkoss.zk.ui.impl.EventProcessor.process(EventProcessor.java:136)
	at org.zkoss.zk.ui.impl.EventProcessingThreadImpl.process0(EventProcessingThreadImpl.java:534)
	at org.zkoss.zk.ui.impl.EventProcessingThreadImpl.run(EventProcessingThreadImpl.java:461)
Caused by: java.sql.SQLException: Network error IOException: Connection refused: connect
	at net.sourceforge.jtds.jdbc.ConnectionJDBC2.<init>(ConnectionJDBC2.java:421)
	at net.sourceforge.jtds.jdbc.ConnectionJDBC3.<init>(ConnectionJDBC3.java:50)
	at net.sourceforge.jtds.jdbc.Driver.connect(Driver.java:185)
	at org.hibernate.service.jdbc.connections.internal.DriverManagerConnectionProviderImpl.getConnection(DriverManagerConnectionProviderImpl.java:204)
	at org.hibernate.internal.AbstractSessionImpl$NonContextualJdbcConnectionAccess.obtainConnection(AbstractSessionImpl.java:292)
	at org.hibernate.engine.jdbc.internal.LogicalConnectionImpl.obtainConnection(LogicalConnectionImpl.java:214)
	... 39 more
Caused by: java.net.ConnectException: Connection refused: connect
	at java.net.DualStackPlainSocketImpl.connect0(Native Method)
	at java.net.DualStackPlainSocketImpl.socketConnect(Unknown Source)
	at java.net.AbstractPlainSocketImpl.doConnect(Unknown Source)
	at java.net.AbstractPlainSocketImpl.connectToAddress(Unknown Source)
	at java.net.AbstractPlainSocketImpl.connect(Unknown Source)
	at java.net.PlainSocketImpl.connect(Unknown Source)
	at java.net.SocksSocketImpl.connect(Unknown Source)
	at java.net.Socket.connect(Unknown Source)
	at sun.reflect.NativeMethodAccessorImpl.invoke0(Native Method)
	at sun.reflect.NativeMethodAccessorImpl.invoke(Unknown Source)
	at sun.reflect.DelegatingMethodAccessorImpl.invoke(Unknown Source)
	at java.lang.reflect.Method.invoke(Unknown Source)
	at net.sourceforge.jtds.jdbc.SharedSocket.createSocketForJDBC3(SharedSocket.java:297)
	at net.sourceforge.jtds.jdbc.SharedSocket.<init>(SharedSocket.java:247)
	at net.sourceforge.jtds.jdbc.ConnectionJDBC2.<init>(ConnectionJDBC2.java:322)
	... 44 more
2017-02-25 08:25:27,751 [Thread-14] ERROR com.controllers.IndexController (IndexController.java:50) - login
org.hibernate.exception.JDBCConnectionException: Could not open connection
	at org.hibernate.exception.internal.SQLStateConversionDelegate.convert(SQLStateConversionDelegate.java:132)
	at org.hibernate.exception.internal.StandardSQLExceptionConverter.convert(StandardSQLExceptionConverter.java:49)
	at org.hibernate.engine.jdbc.spi.SqlExceptionHelper.convert(SqlExceptionHelper.java:125)
	at org.hibernate.engine.jdbc.spi.SqlExceptionHelper.convert(SqlExceptionHelper.java:110)
	at org.hibernate.engine.jdbc.internal.LogicalConnectionImpl.obtainConnection(LogicalConnectionImpl.java:221)
	at org.hibernate.engine.jdbc.internal.LogicalConnectionImpl.getConnection(LogicalConnectionImpl.java:157)
	at org.hibernate.engine.jdbc.internal.StatementPreparerImpl.connection(StatementPreparerImpl.java:56)
	at org.hibernate.engine.jdbc.internal.StatementPreparerImpl$5.doPrepare(StatementPreparerImpl.java:161)
	at org.hibernate.engine.jdbc.internal.StatementPreparerImpl$StatementPreparationTemplate.prepareStatement(StatementPreparerImpl.java:182)
	at org.hibernate.engine.jdbc.internal.StatementPreparerImpl.prepareQueryStatement(StatementPreparerImpl.java:159)
	at org.hibernate.loader.Loader.prepareQueryStatement(Loader.java:1858)
	at org.hibernate.loader.Loader.executeQueryStatement(Loader.java:1835)
	at org.hibernate.loader.Loader.executeQueryStatement(Loader.java:1815)
	at org.hibernate.loader.Loader.doQuery(Loader.java:899)
	at org.hibernate.loader.Loader.doQueryAndInitializeNonLazyCollections(Loader.java:341)
	at org.hibernate.loader.Loader.doList(Loader.java:2522)
	at org.hibernate.loader.Loader.doList(Loader.java:2508)
	at org.hibernate.loader.Loader.listIgnoreQueryCache(Loader.java:2338)
	at org.hibernate.loader.Loader.list(Loader.java:2333)
	at org.hibernate.loader.custom.CustomLoader.list(CustomLoader.java:338)
	at org.hibernate.internal.SessionImpl.listCustomQuery(SessionImpl.java:1827)
	at org.hibernate.internal.AbstractSessionImpl.list(AbstractSessionImpl.java:231)
	at org.hibernate.internal.SQLQueryImpl.list(SQLQueryImpl.java:157)
	at com.controllers.IndexController.login(IndexController.java:46)
	at sun.reflect.NativeMethodAccessorImpl.invoke0(Native Method)
	at sun.reflect.NativeMethodAccessorImpl.invoke(Unknown Source)
	at sun.reflect.DelegatingMethodAccessorImpl.invoke(Unknown Source)
	at java.lang.reflect.Method.invoke(Unknown Source)
	at bsh.Reflect.invokeMethod(Unknown Source)
	at bsh.Reflect.invokeObjectMethod(Unknown Source)
	at bsh.Name.invokeMethod(Unknown Source)
	at bsh.BSHMethodInvocation.eval(Unknown Source)
	at bsh.BSHPrimaryExpression.eval(Unknown Source)
	at bsh.BSHPrimaryExpression.eval(Unknown Source)
	at bsh.Interpreter.eval(Unknown Source)
	at bsh.Interpreter.eval(Unknown Source)
	at org.zkoss.zk.scripting.bsh.BSHInterpreter.exec(BSHInterpreter.java:131)
	at org.zkoss.zk.scripting.util.GenericInterpreter.interpret(GenericInterpreter.java:328)
	at org.zkoss.zk.ui.impl.PageImpl.interpret(PageImpl.java:875)
	at org.zkoss.zk.ui.AbstractComponent.service(AbstractComponent.java:2701)
	at org.zkoss.zk.ui.AbstractComponent.service(AbstractComponent.java:2654)
	at org.zkoss.zk.ui.impl.EventProcessor.process(EventProcessor.java:136)
	at org.zkoss.zk.ui.impl.EventProcessingThreadImpl.process0(EventProcessingThreadImpl.java:534)
	at org.zkoss.zk.ui.impl.EventProcessingThreadImpl.run(EventProcessingThreadImpl.java:461)
Caused by: java.sql.SQLException: Network error IOException: Connection refused: connect
	at net.sourceforge.jtds.jdbc.ConnectionJDBC2.<init>(ConnectionJDBC2.java:421)
	at net.sourceforge.jtds.jdbc.ConnectionJDBC3.<init>(ConnectionJDBC3.java:50)
	at net.sourceforge.jtds.jdbc.Driver.connect(Driver.java:185)
	at org.hibernate.service.jdbc.connections.internal.DriverManagerConnectionProviderImpl.getConnection(DriverManagerConnectionProviderImpl.java:204)
	at org.hibernate.internal.AbstractSessionImpl$NonContextualJdbcConnectionAccess.obtainConnection(AbstractSessionImpl.java:292)
	at org.hibernate.engine.jdbc.internal.LogicalConnectionImpl.obtainConnection(LogicalConnectionImpl.java:214)
	... 39 more
Caused by: java.net.ConnectException: Connection refused: connect
	at java.net.DualStackPlainSocketImpl.connect0(Native Method)
	at java.net.DualStackPlainSocketImpl.socketConnect(Unknown Source)
	at java.net.AbstractPlainSocketImpl.doConnect(Unknown Source)
	at java.net.AbstractPlainSocketImpl.connectToAddress(Unknown Source)
	at java.net.AbstractPlainSocketImpl.connect(Unknown Source)
	at java.net.PlainSocketImpl.connect(Unknown Source)
	at java.net.SocksSocketImpl.connect(Unknown Source)
	at java.net.Socket.connect(Unknown Source)
	at sun.reflect.NativeMethodAccessorImpl.invoke0(Native Method)
	at sun.reflect.NativeMethodAccessorImpl.invoke(Unknown Source)
	at sun.reflect.DelegatingMethodAccessorImpl.invoke(Unknown Source)
	at java.lang.reflect.Method.invoke(Unknown Source)
	at net.sourceforge.jtds.jdbc.SharedSocket.createSocketForJDBC3(SharedSocket.java:297)
	at net.sourceforge.jtds.jdbc.SharedSocket.<init>(SharedSocket.java:247)
	at net.sourceforge.jtds.jdbc.ConnectionJDBC2.<init>(ConnectionJDBC2.java:322)
	... 44 more
2017-02-25 08:25:31,823 [Thread-10] ERROR com.controllers.IndexController (IndexController.java:50) - login
org.hibernate.exception.JDBCConnectionException: Could not open connection
	at org.hibernate.exception.internal.SQLStateConversionDelegate.convert(SQLStateConversionDelegate.java:132)
	at org.hibernate.exception.internal.StandardSQLExceptionConverter.convert(StandardSQLExceptionConverter.java:49)
	at org.hibernate.engine.jdbc.spi.SqlExceptionHelper.convert(SqlExceptionHelper.java:125)
	at org.hibernate.engine.jdbc.spi.SqlExceptionHelper.convert(SqlExceptionHelper.java:110)
	at org.hibernate.engine.jdbc.internal.LogicalConnectionImpl.obtainConnection(LogicalConnectionImpl.java:221)
	at org.hibernate.engine.jdbc.internal.LogicalConnectionImpl.getConnection(LogicalConnectionImpl.java:157)
	at org.hibernate.engine.jdbc.internal.StatementPreparerImpl.connection(StatementPreparerImpl.java:56)
	at org.hibernate.engine.jdbc.internal.StatementPreparerImpl$5.doPrepare(StatementPreparerImpl.java:161)
	at org.hibernate.engine.jdbc.internal.StatementPreparerImpl$StatementPreparationTemplate.prepareStatement(StatementPreparerImpl.java:182)
	at org.hibernate.engine.jdbc.internal.StatementPreparerImpl.prepareQueryStatement(StatementPreparerImpl.java:159)
	at org.hibernate.loader.Loader.prepareQueryStatement(Loader.java:1858)
	at org.hibernate.loader.Loader.executeQueryStatement(Loader.java:1835)
	at org.hibernate.loader.Loader.executeQueryStatement(Loader.java:1815)
	at org.hibernate.loader.Loader.doQuery(Loader.java:899)
	at org.hibernate.loader.Loader.doQueryAndInitializeNonLazyCollections(Loader.java:341)
	at org.hibernate.loader.Loader.doList(Loader.java:2522)
	at org.hibernate.loader.Loader.doList(Loader.java:2508)
	at org.hibernate.loader.Loader.listIgnoreQueryCache(Loader.java:2338)
	at org.hibernate.loader.Loader.list(Loader.java:2333)
	at org.hibernate.loader.custom.CustomLoader.list(CustomLoader.java:338)
	at org.hibernate.internal.SessionImpl.listCustomQuery(SessionImpl.java:1827)
	at org.hibernate.internal.AbstractSessionImpl.list(AbstractSessionImpl.java:231)
	at org.hibernate.internal.SQLQueryImpl.list(SQLQueryImpl.java:157)
	at com.controllers.IndexController.login(IndexController.java:46)
	at sun.reflect.NativeMethodAccessorImpl.invoke0(Native Method)
	at sun.reflect.NativeMethodAccessorImpl.invoke(Unknown Source)
	at sun.reflect.DelegatingMethodAccessorImpl.invoke(Unknown Source)
	at java.lang.reflect.Method.invoke(Unknown Source)
	at bsh.Reflect.invokeMethod(Unknown Source)
	at bsh.Reflect.invokeObjectMethod(Unknown Source)
	at bsh.Name.invokeMethod(Unknown Source)
	at bsh.BSHMethodInvocation.eval(Unknown Source)
	at bsh.BSHPrimaryExpression.eval(Unknown Source)
	at bsh.BSHPrimaryExpression.eval(Unknown Source)
	at bsh.Interpreter.eval(Unknown Source)
	at bsh.Interpreter.eval(Unknown Source)
	at org.zkoss.zk.scripting.bsh.BSHInterpreter.exec(BSHInterpreter.java:131)
	at org.zkoss.zk.scripting.util.GenericInterpreter.interpret(GenericInterpreter.java:328)
	at org.zkoss.zk.ui.impl.PageImpl.interpret(PageImpl.java:875)
	at org.zkoss.zk.ui.AbstractComponent.service(AbstractComponent.java:2701)
	at org.zkoss.zk.ui.AbstractComponent.service(AbstractComponent.java:2654)
	at org.zkoss.zk.ui.impl.EventProcessor.process(EventProcessor.java:136)
	at org.zkoss.zk.ui.impl.EventProcessingThreadImpl.process0(EventProcessingThreadImpl.java:534)
	at org.zkoss.zk.ui.impl.EventProcessingThreadImpl.run(EventProcessingThreadImpl.java:461)
Caused by: java.sql.SQLException: Network error IOException: Connection refused: connect
	at net.sourceforge.jtds.jdbc.ConnectionJDBC2.<init>(ConnectionJDBC2.java:421)
	at net.sourceforge.jtds.jdbc.ConnectionJDBC3.<init>(ConnectionJDBC3.java:50)
	at net.sourceforge.jtds.jdbc.Driver.connect(Driver.java:185)
	at org.hibernate.service.jdbc.connections.internal.DriverManagerConnectionProviderImpl.getConnection(DriverManagerConnectionProviderImpl.java:204)
	at org.hibernate.internal.AbstractSessionImpl$NonContextualJdbcConnectionAccess.obtainConnection(AbstractSessionImpl.java:292)
	at org.hibernate.engine.jdbc.internal.LogicalConnectionImpl.obtainConnection(LogicalConnectionImpl.java:214)
	... 39 more
Caused by: java.net.ConnectException: Connection refused: connect
	at java.net.DualStackPlainSocketImpl.connect0(Native Method)
	at java.net.DualStackPlainSocketImpl.socketConnect(Unknown Source)
	at java.net.AbstractPlainSocketImpl.doConnect(Unknown Source)
	at java.net.AbstractPlainSocketImpl.connectToAddress(Unknown Source)
	at java.net.AbstractPlainSocketImpl.connect(Unknown Source)
	at java.net.PlainSocketImpl.connect(Unknown Source)
	at java.net.SocksSocketImpl.connect(Unknown Source)
	at java.net.Socket.connect(Unknown Source)
	at sun.reflect.NativeMethodAccessorImpl.invoke0(Native Method)
	at sun.reflect.NativeMethodAccessorImpl.invoke(Unknown Source)
	at sun.reflect.DelegatingMethodAccessorImpl.invoke(Unknown Source)
	at java.lang.reflect.Method.invoke(Unknown Source)
	at net.sourceforge.jtds.jdbc.SharedSocket.createSocketForJDBC3(SharedSocket.java:297)
	at net.sourceforge.jtds.jdbc.SharedSocket.<init>(SharedSocket.java:247)
	at net.sourceforge.jtds.jdbc.ConnectionJDBC2.<init>(ConnectionJDBC2.java:322)
	... 44 more
2017-02-25 08:25:37,026 [Thread-10] ERROR com.controllers.IndexController (IndexController.java:50) - login
org.hibernate.exception.JDBCConnectionException: Could not open connection
	at org.hibernate.exception.internal.SQLStateConversionDelegate.convert(SQLStateConversionDelegate.java:132)
	at org.hibernate.exception.internal.StandardSQLExceptionConverter.convert(StandardSQLExceptionConverter.java:49)
	at org.hibernate.engine.jdbc.spi.SqlExceptionHelper.convert(SqlExceptionHelper.java:125)
	at org.hibernate.engine.jdbc.spi.SqlExceptionHelper.convert(SqlExceptionHelper.java:110)
	at org.hibernate.engine.jdbc.internal.LogicalConnectionImpl.obtainConnection(LogicalConnectionImpl.java:221)
	at org.hibernate.engine.jdbc.internal.LogicalConnectionImpl.getConnection(LogicalConnectionImpl.java:157)
	at org.hibernate.engine.jdbc.internal.StatementPreparerImpl.connection(StatementPreparerImpl.java:56)
	at org.hibernate.engine.jdbc.internal.StatementPreparerImpl$5.doPrepare(StatementPreparerImpl.java:161)
	at org.hibernate.engine.jdbc.internal.StatementPreparerImpl$StatementPreparationTemplate.prepareStatement(StatementPreparerImpl.java:182)
	at org.hibernate.engine.jdbc.internal.StatementPreparerImpl.prepareQueryStatement(StatementPreparerImpl.java:159)
	at org.hibernate.loader.Loader.prepareQueryStatement(Loader.java:1858)
	at org.hibernate.loader.Loader.executeQueryStatement(Loader.java:1835)
	at org.hibernate.loader.Loader.executeQueryStatement(Loader.java:1815)
	at org.hibernate.loader.Loader.doQuery(Loader.java:899)
	at org.hibernate.loader.Loader.doQueryAndInitializeNonLazyCollections(Loader.java:341)
	at org.hibernate.loader.Loader.doList(Loader.java:2522)
	at org.hibernate.loader.Loader.doList(Loader.java:2508)
	at org.hibernate.loader.Loader.listIgnoreQueryCache(Loader.java:2338)
	at org.hibernate.loader.Loader.list(Loader.java:2333)
	at org.hibernate.loader.custom.CustomLoader.list(CustomLoader.java:338)
	at org.hibernate.internal.SessionImpl.listCustomQuery(SessionImpl.java:1827)
	at org.hibernate.internal.AbstractSessionImpl.list(AbstractSessionImpl.java:231)
	at org.hibernate.internal.SQLQueryImpl.list(SQLQueryImpl.java:157)
	at com.controllers.IndexController.login(IndexController.java:46)
	at sun.reflect.NativeMethodAccessorImpl.invoke0(Native Method)
	at sun.reflect.NativeMethodAccessorImpl.invoke(Unknown Source)
	at sun.reflect.DelegatingMethodAccessorImpl.invoke(Unknown Source)
	at java.lang.reflect.Method.invoke(Unknown Source)
	at bsh.Reflect.invokeMethod(Unknown Source)
	at bsh.Reflect.invokeObjectMethod(Unknown Source)
	at bsh.Name.invokeMethod(Unknown Source)
	at bsh.BSHMethodInvocation.eval(Unknown Source)
	at bsh.BSHPrimaryExpression.eval(Unknown Source)
	at bsh.BSHPrimaryExpression.eval(Unknown Source)
	at bsh.Interpreter.eval(Unknown Source)
	at bsh.Interpreter.eval(Unknown Source)
	at org.zkoss.zk.scripting.bsh.BSHInterpreter.exec(BSHInterpreter.java:131)
	at org.zkoss.zk.scripting.util.GenericInterpreter.interpret(GenericInterpreter.java:328)
	at org.zkoss.zk.ui.impl.PageImpl.interpret(PageImpl.java:875)
	at org.zkoss.zk.ui.AbstractComponent.service(AbstractComponent.java:2701)
	at org.zkoss.zk.ui.AbstractComponent.service(AbstractComponent.java:2654)
	at org.zkoss.zk.ui.impl.EventProcessor.process(EventProcessor.java:136)
	at org.zkoss.zk.ui.impl.EventProcessingThreadImpl.process0(EventProcessingThreadImpl.java:534)
	at org.zkoss.zk.ui.impl.EventProcessingThreadImpl.run(EventProcessingThreadImpl.java:461)
Caused by: java.sql.SQLException: Network error IOException: Connection refused: connect
	at net.sourceforge.jtds.jdbc.ConnectionJDBC2.<init>(ConnectionJDBC2.java:421)
	at net.sourceforge.jtds.jdbc.ConnectionJDBC3.<init>(ConnectionJDBC3.java:50)
	at net.sourceforge.jtds.jdbc.Driver.connect(Driver.java:185)
	at org.hibernate.service.jdbc.connections.internal.DriverManagerConnectionProviderImpl.getConnection(DriverManagerConnectionProviderImpl.java:204)
	at org.hibernate.internal.AbstractSessionImpl$NonContextualJdbcConnectionAccess.obtainConnection(AbstractSessionImpl.java:292)
	at org.hibernate.engine.jdbc.internal.LogicalConnectionImpl.obtainConnection(LogicalConnectionImpl.java:214)
	... 39 more
Caused by: java.net.ConnectException: Connection refused: connect
	at java.net.DualStackPlainSocketImpl.connect0(Native Method)
	at java.net.DualStackPlainSocketImpl.socketConnect(Unknown Source)
	at java.net.AbstractPlainSocketImpl.doConnect(Unknown Source)
	at java.net.AbstractPlainSocketImpl.connectToAddress(Unknown Source)
	at java.net.AbstractPlainSocketImpl.connect(Unknown Source)
	at java.net.PlainSocketImpl.connect(Unknown Source)
	at java.net.SocksSocketImpl.connect(Unknown Source)
	at java.net.Socket.connect(Unknown Source)
	at sun.reflect.NativeMethodAccessorImpl.invoke0(Native Method)
	at sun.reflect.NativeMethodAccessorImpl.invoke(Unknown Source)
	at sun.reflect.DelegatingMethodAccessorImpl.invoke(Unknown Source)
	at java.lang.reflect.Method.invoke(Unknown Source)
	at net.sourceforge.jtds.jdbc.SharedSocket.createSocketForJDBC3(SharedSocket.java:297)
	at net.sourceforge.jtds.jdbc.SharedSocket.<init>(SharedSocket.java:247)
	at net.sourceforge.jtds.jdbc.ConnectionJDBC2.<init>(ConnectionJDBC2.java:322)
	... 44 more
2017-02-25 08:27:06,445 [Thread-11] ERROR com.controllers.IndexController (IndexController.java:50) - login
org.hibernate.exception.JDBCConnectionException: Could not open connection
	at org.hibernate.exception.internal.SQLStateConversionDelegate.convert(SQLStateConversionDelegate.java:132)
	at org.hibernate.exception.internal.StandardSQLExceptionConverter.convert(StandardSQLExceptionConverter.java:49)
	at org.hibernate.engine.jdbc.spi.SqlExceptionHelper.convert(SqlExceptionHelper.java:125)
	at org.hibernate.engine.jdbc.spi.SqlExceptionHelper.convert(SqlExceptionHelper.java:110)
	at org.hibernate.engine.jdbc.internal.LogicalConnectionImpl.obtainConnection(LogicalConnectionImpl.java:221)
	at org.hibernate.engine.jdbc.internal.LogicalConnectionImpl.getConnection(LogicalConnectionImpl.java:157)
	at org.hibernate.engine.jdbc.internal.StatementPreparerImpl.connection(StatementPreparerImpl.java:56)
	at org.hibernate.engine.jdbc.internal.StatementPreparerImpl$5.doPrepare(StatementPreparerImpl.java:161)
	at org.hibernate.engine.jdbc.internal.StatementPreparerImpl$StatementPreparationTemplate.prepareStatement(StatementPreparerImpl.java:182)
	at org.hibernate.engine.jdbc.internal.StatementPreparerImpl.prepareQueryStatement(StatementPreparerImpl.java:159)
	at org.hibernate.loader.Loader.prepareQueryStatement(Loader.java:1858)
	at org.hibernate.loader.Loader.executeQueryStatement(Loader.java:1835)
	at org.hibernate.loader.Loader.executeQueryStatement(Loader.java:1815)
	at org.hibernate.loader.Loader.doQuery(Loader.java:899)
	at org.hibernate.loader.Loader.doQueryAndInitializeNonLazyCollections(Loader.java:341)
	at org.hibernate.loader.Loader.doList(Loader.java:2522)
	at org.hibernate.loader.Loader.doList(Loader.java:2508)
	at org.hibernate.loader.Loader.listIgnoreQueryCache(Loader.java:2338)
	at org.hibernate.loader.Loader.list(Loader.java:2333)
	at org.hibernate.loader.custom.CustomLoader.list(CustomLoader.java:338)
	at org.hibernate.internal.SessionImpl.listCustomQuery(SessionImpl.java:1827)
	at org.hibernate.internal.AbstractSessionImpl.list(AbstractSessionImpl.java:231)
	at org.hibernate.internal.SQLQueryImpl.list(SQLQueryImpl.java:157)
	at com.controllers.IndexController.login(IndexController.java:46)
	at sun.reflect.NativeMethodAccessorImpl.invoke0(Native Method)
	at sun.reflect.NativeMethodAccessorImpl.invoke(Unknown Source)
	at sun.reflect.DelegatingMethodAccessorImpl.invoke(Unknown Source)
	at java.lang.reflect.Method.invoke(Unknown Source)
	at bsh.Reflect.invokeMethod(Unknown Source)
	at bsh.Reflect.invokeObjectMethod(Unknown Source)
	at bsh.Name.invokeMethod(Unknown Source)
	at bsh.BSHMethodInvocation.eval(Unknown Source)
	at bsh.BSHPrimaryExpression.eval(Unknown Source)
	at bsh.BSHPrimaryExpression.eval(Unknown Source)
	at bsh.Interpreter.eval(Unknown Source)
	at bsh.Interpreter.eval(Unknown Source)
	at org.zkoss.zk.scripting.bsh.BSHInterpreter.exec(BSHInterpreter.java:131)
	at org.zkoss.zk.scripting.util.GenericInterpreter.interpret(GenericInterpreter.java:328)
	at org.zkoss.zk.ui.impl.PageImpl.interpret(PageImpl.java:875)
	at org.zkoss.zk.ui.AbstractComponent.service(AbstractComponent.java:2701)
	at org.zkoss.zk.ui.AbstractComponent.service(AbstractComponent.java:2654)
	at org.zkoss.zk.ui.impl.EventProcessor.process(EventProcessor.java:136)
	at org.zkoss.zk.ui.impl.EventProcessingThreadImpl.process0(EventProcessingThreadImpl.java:534)
	at org.zkoss.zk.ui.impl.EventProcessingThreadImpl.run(EventProcessingThreadImpl.java:461)
Caused by: java.sql.SQLException: Network error IOException: Connection refused: connect
	at net.sourceforge.jtds.jdbc.ConnectionJDBC2.<init>(ConnectionJDBC2.java:421)
	at net.sourceforge.jtds.jdbc.ConnectionJDBC3.<init>(ConnectionJDBC3.java:50)
	at net.sourceforge.jtds.jdbc.Driver.connect(Driver.java:185)
	at org.hibernate.service.jdbc.connections.internal.DriverManagerConnectionProviderImpl.getConnection(DriverManagerConnectionProviderImpl.java:204)
	at org.hibernate.internal.AbstractSessionImpl$NonContextualJdbcConnectionAccess.obtainConnection(AbstractSessionImpl.java:292)
	at org.hibernate.engine.jdbc.internal.LogicalConnectionImpl.obtainConnection(LogicalConnectionImpl.java:214)
	... 39 more
Caused by: java.net.ConnectException: Connection refused: connect
	at java.net.DualStackPlainSocketImpl.connect0(Native Method)
	at java.net.DualStackPlainSocketImpl.socketConnect(Unknown Source)
	at java.net.AbstractPlainSocketImpl.doConnect(Unknown Source)
	at java.net.AbstractPlainSocketImpl.connectToAddress(Unknown Source)
	at java.net.AbstractPlainSocketImpl.connect(Unknown Source)
	at java.net.PlainSocketImpl.connect(Unknown Source)
	at java.net.SocksSocketImpl.connect(Unknown Source)
	at java.net.Socket.connect(Unknown Source)
	at sun.reflect.NativeMethodAccessorImpl.invoke0(Native Method)
	at sun.reflect.NativeMethodAccessorImpl.invoke(Unknown Source)
	at sun.reflect.DelegatingMethodAccessorImpl.invoke(Unknown Source)
	at java.lang.reflect.Method.invoke(Unknown Source)
	at net.sourceforge.jtds.jdbc.SharedSocket.createSocketForJDBC3(SharedSocket.java:297)
	at net.sourceforge.jtds.jdbc.SharedSocket.<init>(SharedSocket.java:247)
	at net.sourceforge.jtds.jdbc.ConnectionJDBC2.<init>(ConnectionJDBC2.java:322)
	... 44 more
2017-02-25 08:27:13,326 [Thread-11] ERROR com.controllers.IndexController (IndexController.java:50) - login
org.hibernate.exception.JDBCConnectionException: Could not open connection
	at org.hibernate.exception.internal.SQLStateConversionDelegate.convert(SQLStateConversionDelegate.java:132)
	at org.hibernate.exception.internal.StandardSQLExceptionConverter.convert(StandardSQLExceptionConverter.java:49)
	at org.hibernate.engine.jdbc.spi.SqlExceptionHelper.convert(SqlExceptionHelper.java:125)
	at org.hibernate.engine.jdbc.spi.SqlExceptionHelper.convert(SqlExceptionHelper.java:110)
	at org.hibernate.engine.jdbc.internal.LogicalConnectionImpl.obtainConnection(LogicalConnectionImpl.java:221)
	at org.hibernate.engine.jdbc.internal.LogicalConnectionImpl.getConnection(LogicalConnectionImpl.java:157)
	at org.hibernate.engine.jdbc.internal.StatementPreparerImpl.connection(StatementPreparerImpl.java:56)
	at org.hibernate.engine.jdbc.internal.StatementPreparerImpl$5.doPrepare(StatementPreparerImpl.java:161)
	at org.hibernate.engine.jdbc.internal.StatementPreparerImpl$StatementPreparationTemplate.prepareStatement(StatementPreparerImpl.java:182)
	at org.hibernate.engine.jdbc.internal.StatementPreparerImpl.prepareQueryStatement(StatementPreparerImpl.java:159)
	at org.hibernate.loader.Loader.prepareQueryStatement(Loader.java:1858)
	at org.hibernate.loader.Loader.executeQueryStatement(Loader.java:1835)
	at org.hibernate.loader.Loader.executeQueryStatement(Loader.java:1815)
	at org.hibernate.loader.Loader.doQuery(Loader.java:899)
	at org.hibernate.loader.Loader.doQueryAndInitializeNonLazyCollections(Loader.java:341)
	at org.hibernate.loader.Loader.doList(Loader.java:2522)
	at org.hibernate.loader.Loader.doList(Loader.java:2508)
	at org.hibernate.loader.Loader.listIgnoreQueryCache(Loader.java:2338)
	at org.hibernate.loader.Loader.list(Loader.java:2333)
	at org.hibernate.loader.custom.CustomLoader.list(CustomLoader.java:338)
	at org.hibernate.internal.SessionImpl.listCustomQuery(SessionImpl.java:1827)
	at org.hibernate.internal.AbstractSessionImpl.list(AbstractSessionImpl.java:231)
	at org.hibernate.internal.SQLQueryImpl.list(SQLQueryImpl.java:157)
	at com.controllers.IndexController.login(IndexController.java:46)
	at sun.reflect.NativeMethodAccessorImpl.invoke0(Native Method)
	at sun.reflect.NativeMethodAccessorImpl.invoke(Unknown Source)
	at sun.reflect.DelegatingMethodAccessorImpl.invoke(Unknown Source)
	at java.lang.reflect.Method.invoke(Unknown Source)
	at bsh.Reflect.invokeMethod(Unknown Source)
	at bsh.Reflect.invokeObjectMethod(Unknown Source)
	at bsh.Name.invokeMethod(Unknown Source)
	at bsh.BSHMethodInvocation.eval(Unknown Source)
	at bsh.BSHPrimaryExpression.eval(Unknown Source)
	at bsh.BSHPrimaryExpression.eval(Unknown Source)
	at bsh.Interpreter.eval(Unknown Source)
	at bsh.Interpreter.eval(Unknown Source)
	at org.zkoss.zk.scripting.bsh.BSHInterpreter.exec(BSHInterpreter.java:131)
	at org.zkoss.zk.scripting.util.GenericInterpreter.interpret(GenericInterpreter.java:328)
	at org.zkoss.zk.ui.impl.PageImpl.interpret(PageImpl.java:875)
	at org.zkoss.zk.ui.AbstractComponent.service(AbstractComponent.java:2701)
	at org.zkoss.zk.ui.AbstractComponent.service(AbstractComponent.java:2654)
	at org.zkoss.zk.ui.impl.EventProcessor.process(EventProcessor.java:136)
	at org.zkoss.zk.ui.impl.EventProcessingThreadImpl.process0(EventProcessingThreadImpl.java:534)
	at org.zkoss.zk.ui.impl.EventProcessingThreadImpl.run(EventProcessingThreadImpl.java:461)
Caused by: java.sql.SQLException: Network error IOException: Connection refused: connect
	at net.sourceforge.jtds.jdbc.ConnectionJDBC2.<init>(ConnectionJDBC2.java:421)
	at net.sourceforge.jtds.jdbc.ConnectionJDBC3.<init>(ConnectionJDBC3.java:50)
	at net.sourceforge.jtds.jdbc.Driver.connect(Driver.java:185)
	at org.hibernate.service.jdbc.connections.internal.DriverManagerConnectionProviderImpl.getConnection(DriverManagerConnectionProviderImpl.java:204)
	at org.hibernate.internal.AbstractSessionImpl$NonContextualJdbcConnectionAccess.obtainConnection(AbstractSessionImpl.java:292)
	at org.hibernate.engine.jdbc.internal.LogicalConnectionImpl.obtainConnection(LogicalConnectionImpl.java:214)
	... 39 more
Caused by: java.net.ConnectException: Connection refused: connect
	at java.net.DualStackPlainSocketImpl.connect0(Native Method)
	at java.net.DualStackPlainSocketImpl.socketConnect(Unknown Source)
	at java.net.AbstractPlainSocketImpl.doConnect(Unknown Source)
	at java.net.AbstractPlainSocketImpl.connectToAddress(Unknown Source)
	at java.net.AbstractPlainSocketImpl.connect(Unknown Source)
	at java.net.PlainSocketImpl.connect(Unknown Source)
	at java.net.SocksSocketImpl.connect(Unknown Source)
	at java.net.Socket.connect(Unknown Source)
	at sun.reflect.NativeMethodAccessorImpl.invoke0(Native Method)
	at sun.reflect.NativeMethodAccessorImpl.invoke(Unknown Source)
	at sun.reflect.DelegatingMethodAccessorImpl.invoke(Unknown Source)
	at java.lang.reflect.Method.invoke(Unknown Source)
	at net.sourceforge.jtds.jdbc.SharedSocket.createSocketForJDBC3(SharedSocket.java:297)
	at net.sourceforge.jtds.jdbc.SharedSocket.<init>(SharedSocket.java:247)
	at net.sourceforge.jtds.jdbc.ConnectionJDBC2.<init>(ConnectionJDBC2.java:322)
	... 44 more
2017-02-25 08:28:54,062 [Thread-12] ERROR com.controllers.IndexController (IndexController.java:50) - login
org.hibernate.exception.JDBCConnectionException: Could not open connection
	at org.hibernate.exception.internal.SQLStateConversionDelegate.convert(SQLStateConversionDelegate.java:132)
	at org.hibernate.exception.internal.StandardSQLExceptionConverter.convert(StandardSQLExceptionConverter.java:49)
	at org.hibernate.engine.jdbc.spi.SqlExceptionHelper.convert(SqlExceptionHelper.java:125)
	at org.hibernate.engine.jdbc.spi.SqlExceptionHelper.convert(SqlExceptionHelper.java:110)
	at org.hibernate.engine.jdbc.internal.LogicalConnectionImpl.obtainConnection(LogicalConnectionImpl.java:221)
	at org.hibernate.engine.jdbc.internal.LogicalConnectionImpl.getConnection(LogicalConnectionImpl.java:157)
	at org.hibernate.engine.jdbc.internal.StatementPreparerImpl.connection(StatementPreparerImpl.java:56)
	at org.hibernate.engine.jdbc.internal.StatementPreparerImpl$5.doPrepare(StatementPreparerImpl.java:161)
	at org.hibernate.engine.jdbc.internal.StatementPreparerImpl$StatementPreparationTemplate.prepareStatement(StatementPreparerImpl.java:182)
	at org.hibernate.engine.jdbc.internal.StatementPreparerImpl.prepareQueryStatement(StatementPreparerImpl.java:159)
	at org.hibernate.loader.Loader.prepareQueryStatement(Loader.java:1858)
	at org.hibernate.loader.Loader.executeQueryStatement(Loader.java:1835)
	at org.hibernate.loader.Loader.executeQueryStatement(Loader.java:1815)
	at org.hibernate.loader.Loader.doQuery(Loader.java:899)
	at org.hibernate.loader.Loader.doQueryAndInitializeNonLazyCollections(Loader.java:341)
	at org.hibernate.loader.Loader.doList(Loader.java:2522)
	at org.hibernate.loader.Loader.doList(Loader.java:2508)
	at org.hibernate.loader.Loader.listIgnoreQueryCache(Loader.java:2338)
	at org.hibernate.loader.Loader.list(Loader.java:2333)
	at org.hibernate.loader.custom.CustomLoader.list(CustomLoader.java:338)
	at org.hibernate.internal.SessionImpl.listCustomQuery(SessionImpl.java:1827)
	at org.hibernate.internal.AbstractSessionImpl.list(AbstractSessionImpl.java:231)
	at org.hibernate.internal.SQLQueryImpl.list(SQLQueryImpl.java:157)
	at com.controllers.IndexController.login(IndexController.java:46)
	at sun.reflect.NativeMethodAccessorImpl.invoke0(Native Method)
	at sun.reflect.NativeMethodAccessorImpl.invoke(Unknown Source)
	at sun.reflect.DelegatingMethodAccessorImpl.invoke(Unknown Source)
	at java.lang.reflect.Method.invoke(Unknown Source)
	at bsh.Reflect.invokeMethod(Unknown Source)
	at bsh.Reflect.invokeObjectMethod(Unknown Source)
	at bsh.Name.invokeMethod(Unknown Source)
	at bsh.BSHMethodInvocation.eval(Unknown Source)
	at bsh.BSHPrimaryExpression.eval(Unknown Source)
	at bsh.BSHPrimaryExpression.eval(Unknown Source)
	at bsh.Interpreter.eval(Unknown Source)
	at bsh.Interpreter.eval(Unknown Source)
	at org.zkoss.zk.scripting.bsh.BSHInterpreter.exec(BSHInterpreter.java:131)
	at org.zkoss.zk.scripting.util.GenericInterpreter.interpret(GenericInterpreter.java:328)
	at org.zkoss.zk.ui.impl.PageImpl.interpret(PageImpl.java:875)
	at org.zkoss.zk.ui.AbstractComponent.service(AbstractComponent.java:2701)
	at org.zkoss.zk.ui.AbstractComponent.service(AbstractComponent.java:2654)
	at org.zkoss.zk.ui.impl.EventProcessor.process(EventProcessor.java:136)
	at org.zkoss.zk.ui.impl.EventProcessingThreadImpl.process0(EventProcessingThreadImpl.java:534)
	at org.zkoss.zk.ui.impl.EventProcessingThreadImpl.run(EventProcessingThreadImpl.java:461)
Caused by: java.sql.SQLException: Network error IOException: Connection refused: connect
	at net.sourceforge.jtds.jdbc.ConnectionJDBC2.<init>(ConnectionJDBC2.java:421)
	at net.sourceforge.jtds.jdbc.ConnectionJDBC3.<init>(ConnectionJDBC3.java:50)
	at net.sourceforge.jtds.jdbc.Driver.connect(Driver.java:185)
	at org.hibernate.service.jdbc.connections.internal.DriverManagerConnectionProviderImpl.getConnection(DriverManagerConnectionProviderImpl.java:204)
	at org.hibernate.internal.AbstractSessionImpl$NonContextualJdbcConnectionAccess.obtainConnection(AbstractSessionImpl.java:292)
	at org.hibernate.engine.jdbc.internal.LogicalConnectionImpl.obtainConnection(LogicalConnectionImpl.java:214)
	... 39 more
Caused by: java.net.ConnectException: Connection refused: connect
	at java.net.DualStackPlainSocketImpl.connect0(Native Method)
	at java.net.DualStackPlainSocketImpl.socketConnect(Unknown Source)
	at java.net.AbstractPlainSocketImpl.doConnect(Unknown Source)
	at java.net.AbstractPlainSocketImpl.connectToAddress(Unknown Source)
	at java.net.AbstractPlainSocketImpl.connect(Unknown Source)
	at java.net.PlainSocketImpl.connect(Unknown Source)
	at java.net.SocksSocketImpl.connect(Unknown Source)
	at java.net.Socket.connect(Unknown Source)
	at sun.reflect.NativeMethodAccessorImpl.invoke0(Native Method)
	at sun.reflect.NativeMethodAccessorImpl.invoke(Unknown Source)
	at sun.reflect.DelegatingMethodAccessorImpl.invoke(Unknown Source)
	at java.lang.reflect.Method.invoke(Unknown Source)
	at net.sourceforge.jtds.jdbc.SharedSocket.createSocketForJDBC3(SharedSocket.java:297)
	at net.sourceforge.jtds.jdbc.SharedSocket.<init>(SharedSocket.java:247)
	at net.sourceforge.jtds.jdbc.ConnectionJDBC2.<init>(ConnectionJDBC2.java:322)
	... 44 more
2017-02-25 08:29:03,632 [Thread-11] ERROR com.controllers.IndexController (IndexController.java:50) - login
org.hibernate.exception.JDBCConnectionException: Could not open connection
	at org.hibernate.exception.internal.SQLStateConversionDelegate.convert(SQLStateConversionDelegate.java:132)
	at org.hibernate.exception.internal.StandardSQLExceptionConverter.convert(StandardSQLExceptionConverter.java:49)
	at org.hibernate.engine.jdbc.spi.SqlExceptionHelper.convert(SqlExceptionHelper.java:125)
	at org.hibernate.engine.jdbc.spi.SqlExceptionHelper.convert(SqlExceptionHelper.java:110)
	at org.hibernate.engine.jdbc.internal.LogicalConnectionImpl.obtainConnection(LogicalConnectionImpl.java:221)
	at org.hibernate.engine.jdbc.internal.LogicalConnectionImpl.getConnection(LogicalConnectionImpl.java:157)
	at org.hibernate.engine.jdbc.internal.StatementPreparerImpl.connection(StatementPreparerImpl.java:56)
	at org.hibernate.engine.jdbc.internal.StatementPreparerImpl$5.doPrepare(StatementPreparerImpl.java:161)
	at org.hibernate.engine.jdbc.internal.StatementPreparerImpl$StatementPreparationTemplate.prepareStatement(StatementPreparerImpl.java:182)
	at org.hibernate.engine.jdbc.internal.StatementPreparerImpl.prepareQueryStatement(StatementPreparerImpl.java:159)
	at org.hibernate.loader.Loader.prepareQueryStatement(Loader.java:1858)
	at org.hibernate.loader.Loader.executeQueryStatement(Loader.java:1835)
	at org.hibernate.loader.Loader.executeQueryStatement(Loader.java:1815)
	at org.hibernate.loader.Loader.doQuery(Loader.java:899)
	at org.hibernate.loader.Loader.doQueryAndInitializeNonLazyCollections(Loader.java:341)
	at org.hibernate.loader.Loader.doList(Loader.java:2522)
	at org.hibernate.loader.Loader.doList(Loader.java:2508)
	at org.hibernate.loader.Loader.listIgnoreQueryCache(Loader.java:2338)
	at org.hibernate.loader.Loader.list(Loader.java:2333)
	at org.hibernate.loader.custom.CustomLoader.list(CustomLoader.java:338)
	at org.hibernate.internal.SessionImpl.listCustomQuery(SessionImpl.java:1827)
	at org.hibernate.internal.AbstractSessionImpl.list(AbstractSessionImpl.java:231)
	at org.hibernate.internal.SQLQueryImpl.list(SQLQueryImpl.java:157)
	at com.controllers.IndexController.login(IndexController.java:46)
	at sun.reflect.NativeMethodAccessorImpl.invoke0(Native Method)
	at sun.reflect.NativeMethodAccessorImpl.invoke(Unknown Source)
	at sun.reflect.DelegatingMethodAccessorImpl.invoke(Unknown Source)
	at java.lang.reflect.Method.invoke(Unknown Source)
	at bsh.Reflect.invokeMethod(Unknown Source)
	at bsh.Reflect.invokeObjectMethod(Unknown Source)
	at bsh.Name.invokeMethod(Unknown Source)
	at bsh.BSHMethodInvocation.eval(Unknown Source)
	at bsh.BSHPrimaryExpression.eval(Unknown Source)
	at bsh.BSHPrimaryExpression.eval(Unknown Source)
	at bsh.Interpreter.eval(Unknown Source)
	at bsh.Interpreter.eval(Unknown Source)
	at org.zkoss.zk.scripting.bsh.BSHInterpreter.exec(BSHInterpreter.java:131)
	at org.zkoss.zk.scripting.util.GenericInterpreter.interpret(GenericInterpreter.java:328)
	at org.zkoss.zk.ui.impl.PageImpl.interpret(PageImpl.java:875)
	at org.zkoss.zk.ui.AbstractComponent.service(AbstractComponent.java:2701)
	at org.zkoss.zk.ui.AbstractComponent.service(AbstractComponent.java:2654)
	at org.zkoss.zk.ui.impl.EventProcessor.process(EventProcessor.java:136)
	at org.zkoss.zk.ui.impl.EventProcessingThreadImpl.process0(EventProcessingThreadImpl.java:534)
	at org.zkoss.zk.ui.impl.EventProcessingThreadImpl.run(EventProcessingThreadImpl.java:461)
Caused by: java.sql.SQLException: Network error IOException: Connection refused: connect
	at net.sourceforge.jtds.jdbc.ConnectionJDBC2.<init>(ConnectionJDBC2.java:421)
	at net.sourceforge.jtds.jdbc.ConnectionJDBC3.<init>(ConnectionJDBC3.java:50)
	at net.sourceforge.jtds.jdbc.Driver.connect(Driver.java:185)
	at org.hibernate.service.jdbc.connections.internal.DriverManagerConnectionProviderImpl.getConnection(DriverManagerConnectionProviderImpl.java:204)
	at org.hibernate.internal.AbstractSessionImpl$NonContextualJdbcConnectionAccess.obtainConnection(AbstractSessionImpl.java:292)
	at org.hibernate.engine.jdbc.internal.LogicalConnectionImpl.obtainConnection(LogicalConnectionImpl.java:214)
	... 39 more
Caused by: java.net.ConnectException: Connection refused: connect
	at java.net.DualStackPlainSocketImpl.connect0(Native Method)
	at java.net.DualStackPlainSocketImpl.socketConnect(Unknown Source)
	at java.net.AbstractPlainSocketImpl.doConnect(Unknown Source)
	at java.net.AbstractPlainSocketImpl.connectToAddress(Unknown Source)
	at java.net.AbstractPlainSocketImpl.connect(Unknown Source)
	at java.net.PlainSocketImpl.connect(Unknown Source)
	at java.net.SocksSocketImpl.connect(Unknown Source)
	at java.net.Socket.connect(Unknown Source)
	at sun.reflect.NativeMethodAccessorImpl.invoke0(Native Method)
	at sun.reflect.NativeMethodAccessorImpl.invoke(Unknown Source)
	at sun.reflect.DelegatingMethodAccessorImpl.invoke(Unknown Source)
	at java.lang.reflect.Method.invoke(Unknown Source)
	at net.sourceforge.jtds.jdbc.SharedSocket.createSocketForJDBC3(SharedSocket.java:297)
	at net.sourceforge.jtds.jdbc.SharedSocket.<init>(SharedSocket.java:247)
	at net.sourceforge.jtds.jdbc.ConnectionJDBC2.<init>(ConnectionJDBC2.java:322)
	... 44 more
2017-02-25 08:29:04,702 [Thread-12] ERROR com.controllers.IndexController (IndexController.java:50) - login
org.hibernate.exception.JDBCConnectionException: Could not open connection
	at org.hibernate.exception.internal.SQLStateConversionDelegate.convert(SQLStateConversionDelegate.java:132)
	at org.hibernate.exception.internal.StandardSQLExceptionConverter.convert(StandardSQLExceptionConverter.java:49)
	at org.hibernate.engine.jdbc.spi.SqlExceptionHelper.convert(SqlExceptionHelper.java:125)
	at org.hibernate.engine.jdbc.spi.SqlExceptionHelper.convert(SqlExceptionHelper.java:110)
	at org.hibernate.engine.jdbc.internal.LogicalConnectionImpl.obtainConnection(LogicalConnectionImpl.java:221)
	at org.hibernate.engine.jdbc.internal.LogicalConnectionImpl.getConnection(LogicalConnectionImpl.java:157)
	at org.hibernate.engine.jdbc.internal.StatementPreparerImpl.connection(StatementPreparerImpl.java:56)
	at org.hibernate.engine.jdbc.internal.StatementPreparerImpl$5.doPrepare(StatementPreparerImpl.java:161)
	at org.hibernate.engine.jdbc.internal.StatementPreparerImpl$StatementPreparationTemplate.prepareStatement(StatementPreparerImpl.java:182)
	at org.hibernate.engine.jdbc.internal.StatementPreparerImpl.prepareQueryStatement(StatementPreparerImpl.java:159)
	at org.hibernate.loader.Loader.prepareQueryStatement(Loader.java:1858)
	at org.hibernate.loader.Loader.executeQueryStatement(Loader.java:1835)
	at org.hibernate.loader.Loader.executeQueryStatement(Loader.java:1815)
	at org.hibernate.loader.Loader.doQuery(Loader.java:899)
	at org.hibernate.loader.Loader.doQueryAndInitializeNonLazyCollections(Loader.java:341)
	at org.hibernate.loader.Loader.doList(Loader.java:2522)
	at org.hibernate.loader.Loader.doList(Loader.java:2508)
	at org.hibernate.loader.Loader.listIgnoreQueryCache(Loader.java:2338)
	at org.hibernate.loader.Loader.list(Loader.java:2333)
	at org.hibernate.loader.custom.CustomLoader.list(CustomLoader.java:338)
	at org.hibernate.internal.SessionImpl.listCustomQuery(SessionImpl.java:1827)
	at org.hibernate.internal.AbstractSessionImpl.list(AbstractSessionImpl.java:231)
	at org.hibernate.internal.SQLQueryImpl.list(SQLQueryImpl.java:157)
	at com.controllers.IndexController.login(IndexController.java:46)
	at sun.reflect.NativeMethodAccessorImpl.invoke0(Native Method)
	at sun.reflect.NativeMethodAccessorImpl.invoke(Unknown Source)
	at sun.reflect.DelegatingMethodAccessorImpl.invoke(Unknown Source)
	at java.lang.reflect.Method.invoke(Unknown Source)
	at bsh.Reflect.invokeMethod(Unknown Source)
	at bsh.Reflect.invokeObjectMethod(Unknown Source)
	at bsh.Name.invokeMethod(Unknown Source)
	at bsh.BSHMethodInvocation.eval(Unknown Source)
	at bsh.BSHPrimaryExpression.eval(Unknown Source)
	at bsh.BSHPrimaryExpression.eval(Unknown Source)
	at bsh.Interpreter.eval(Unknown Source)
	at bsh.Interpreter.eval(Unknown Source)
	at org.zkoss.zk.scripting.bsh.BSHInterpreter.exec(BSHInterpreter.java:131)
	at org.zkoss.zk.scripting.util.GenericInterpreter.interpret(GenericInterpreter.java:328)
	at org.zkoss.zk.ui.impl.PageImpl.interpret(PageImpl.java:875)
	at org.zkoss.zk.ui.AbstractComponent.service(AbstractComponent.java:2701)
	at org.zkoss.zk.ui.AbstractComponent.service(AbstractComponent.java:2654)
	at org.zkoss.zk.ui.impl.EventProcessor.process(EventProcessor.java:136)
	at org.zkoss.zk.ui.impl.EventProcessingThreadImpl.process0(EventProcessingThreadImpl.java:534)
	at org.zkoss.zk.ui.impl.EventProcessingThreadImpl.run(EventProcessingThreadImpl.java:461)
Caused by: java.sql.SQLException: Network error IOException: Connection refused: connect
	at net.sourceforge.jtds.jdbc.ConnectionJDBC2.<init>(ConnectionJDBC2.java:421)
	at net.sourceforge.jtds.jdbc.ConnectionJDBC3.<init>(ConnectionJDBC3.java:50)
	at net.sourceforge.jtds.jdbc.Driver.connect(Driver.java:185)
	at org.hibernate.service.jdbc.connections.internal.DriverManagerConnectionProviderImpl.getConnection(DriverManagerConnectionProviderImpl.java:204)
	at org.hibernate.internal.AbstractSessionImpl$NonContextualJdbcConnectionAccess.obtainConnection(AbstractSessionImpl.java:292)
	at org.hibernate.engine.jdbc.internal.LogicalConnectionImpl.obtainConnection(LogicalConnectionImpl.java:214)
	... 39 more
Caused by: java.net.ConnectException: Connection refused: connect
	at java.net.DualStackPlainSocketImpl.connect0(Native Method)
	at java.net.DualStackPlainSocketImpl.socketConnect(Unknown Source)
	at java.net.AbstractPlainSocketImpl.doConnect(Unknown Source)
	at java.net.AbstractPlainSocketImpl.connectToAddress(Unknown Source)
	at java.net.AbstractPlainSocketImpl.connect(Unknown Source)
	at java.net.PlainSocketImpl.connect(Unknown Source)
	at java.net.SocksSocketImpl.connect(Unknown Source)
	at java.net.Socket.connect(Unknown Source)
	at sun.reflect.NativeMethodAccessorImpl.invoke0(Native Method)
	at sun.reflect.NativeMethodAccessorImpl.invoke(Unknown Source)
	at sun.reflect.DelegatingMethodAccessorImpl.invoke(Unknown Source)
	at java.lang.reflect.Method.invoke(Unknown Source)
	at net.sourceforge.jtds.jdbc.SharedSocket.createSocketForJDBC3(SharedSocket.java:297)
	at net.sourceforge.jtds.jdbc.SharedSocket.<init>(SharedSocket.java:247)
	at net.sourceforge.jtds.jdbc.ConnectionJDBC2.<init>(ConnectionJDBC2.java:322)
	... 44 more
2017-02-25 08:29:06,170 [Thread-15] ERROR com.controllers.IndexController (IndexController.java:50) - login
org.hibernate.exception.JDBCConnectionException: Could not open connection
	at org.hibernate.exception.internal.SQLStateConversionDelegate.convert(SQLStateConversionDelegate.java:132)
	at org.hibernate.exception.internal.StandardSQLExceptionConverter.convert(StandardSQLExceptionConverter.java:49)
	at org.hibernate.engine.jdbc.spi.SqlExceptionHelper.convert(SqlExceptionHelper.java:125)
	at org.hibernate.engine.jdbc.spi.SqlExceptionHelper.convert(SqlExceptionHelper.java:110)
	at org.hibernate.engine.jdbc.internal.LogicalConnectionImpl.obtainConnection(LogicalConnectionImpl.java:221)
	at org.hibernate.engine.jdbc.internal.LogicalConnectionImpl.getConnection(LogicalConnectionImpl.java:157)
	at org.hibernate.engine.jdbc.internal.StatementPreparerImpl.connection(StatementPreparerImpl.java:56)
	at org.hibernate.engine.jdbc.internal.StatementPreparerImpl$5.doPrepare(StatementPreparerImpl.java:161)
	at org.hibernate.engine.jdbc.internal.StatementPreparerImpl$StatementPreparationTemplate.prepareStatement(StatementPreparerImpl.java:182)
	at org.hibernate.engine.jdbc.internal.StatementPreparerImpl.prepareQueryStatement(StatementPreparerImpl.java:159)
	at org.hibernate.loader.Loader.prepareQueryStatement(Loader.java:1858)
	at org.hibernate.loader.Loader.executeQueryStatement(Loader.java:1835)
	at org.hibernate.loader.Loader.executeQueryStatement(Loader.java:1815)
	at org.hibernate.loader.Loader.doQuery(Loader.java:899)
	at org.hibernate.loader.Loader.doQueryAndInitializeNonLazyCollections(Loader.java:341)
	at org.hibernate.loader.Loader.doList(Loader.java:2522)
	at org.hibernate.loader.Loader.doList(Loader.java:2508)
	at org.hibernate.loader.Loader.listIgnoreQueryCache(Loader.java:2338)
	at org.hibernate.loader.Loader.list(Loader.java:2333)
	at org.hibernate.loader.custom.CustomLoader.list(CustomLoader.java:338)
	at org.hibernate.internal.SessionImpl.listCustomQuery(SessionImpl.java:1827)
	at org.hibernate.internal.AbstractSessionImpl.list(AbstractSessionImpl.java:231)
	at org.hibernate.internal.SQLQueryImpl.list(SQLQueryImpl.java:157)
	at com.controllers.IndexController.login(IndexController.java:46)
	at sun.reflect.NativeMethodAccessorImpl.invoke0(Native Method)
	at sun.reflect.NativeMethodAccessorImpl.invoke(Unknown Source)
	at sun.reflect.DelegatingMethodAccessorImpl.invoke(Unknown Source)
	at java.lang.reflect.Method.invoke(Unknown Source)
	at bsh.Reflect.invokeMethod(Unknown Source)
	at bsh.Reflect.invokeObjectMethod(Unknown Source)
	at bsh.Name.invokeMethod(Unknown Source)
	at bsh.BSHMethodInvocation.eval(Unknown Source)
	at bsh.BSHPrimaryExpression.eval(Unknown Source)
	at bsh.BSHPrimaryExpression.eval(Unknown Source)
	at bsh.Interpreter.eval(Unknown Source)
	at bsh.Interpreter.eval(Unknown Source)
	at org.zkoss.zk.scripting.bsh.BSHInterpreter.exec(BSHInterpreter.java:131)
	at org.zkoss.zk.scripting.util.GenericInterpreter.interpret(GenericInterpreter.java:328)
	at org.zkoss.zk.ui.impl.PageImpl.interpret(PageImpl.java:875)
	at org.zkoss.zk.ui.AbstractComponent.service(AbstractComponent.java:2701)
	at org.zkoss.zk.ui.AbstractComponent.service(AbstractComponent.java:2654)
	at org.zkoss.zk.ui.impl.EventProcessor.process(EventProcessor.java:136)
	at org.zkoss.zk.ui.impl.EventProcessingThreadImpl.process0(EventProcessingThreadImpl.java:534)
	at org.zkoss.zk.ui.impl.EventProcessingThreadImpl.run(EventProcessingThreadImpl.java:461)
Caused by: java.sql.SQLException: Network error IOException: Connection refused: connect
	at net.sourceforge.jtds.jdbc.ConnectionJDBC2.<init>(ConnectionJDBC2.java:421)
	at net.sourceforge.jtds.jdbc.ConnectionJDBC3.<init>(ConnectionJDBC3.java:50)
	at net.sourceforge.jtds.jdbc.Driver.connect(Driver.java:185)
	at org.hibernate.service.jdbc.connections.internal.DriverManagerConnectionProviderImpl.getConnection(DriverManagerConnectionProviderImpl.java:204)
	at org.hibernate.internal.AbstractSessionImpl$NonContextualJdbcConnectionAccess.obtainConnection(AbstractSessionImpl.java:292)
	at org.hibernate.engine.jdbc.internal.LogicalConnectionImpl.obtainConnection(LogicalConnectionImpl.java:214)
	... 39 more
Caused by: java.net.ConnectException: Connection refused: connect
	at java.net.DualStackPlainSocketImpl.connect0(Native Method)
	at java.net.DualStackPlainSocketImpl.socketConnect(Unknown Source)
	at java.net.AbstractPlainSocketImpl.doConnect(Unknown Source)
	at java.net.AbstractPlainSocketImpl.connectToAddress(Unknown Source)
	at java.net.AbstractPlainSocketImpl.connect(Unknown Source)
	at java.net.PlainSocketImpl.connect(Unknown Source)
	at java.net.SocksSocketImpl.connect(Unknown Source)
	at java.net.Socket.connect(Unknown Source)
	at sun.reflect.NativeMethodAccessorImpl.invoke0(Native Method)
	at sun.reflect.NativeMethodAccessorImpl.invoke(Unknown Source)
	at sun.reflect.DelegatingMethodAccessorImpl.invoke(Unknown Source)
	at java.lang.reflect.Method.invoke(Unknown Source)
	at net.sourceforge.jtds.jdbc.SharedSocket.createSocketForJDBC3(SharedSocket.java:297)
	at net.sourceforge.jtds.jdbc.SharedSocket.<init>(SharedSocket.java:247)
	at net.sourceforge.jtds.jdbc.ConnectionJDBC2.<init>(ConnectionJDBC2.java:322)
	... 44 more
